2024/10/12 11:55:04 main.go:11: test
2024/10/12 14:26:18 bitflyer.go:56: action=doRequest endpoint=https://api.bitflyer.com/v1/me/getbalance
2024/10/12 14:26:18 bitflyer.go:32: 1728710778
2024/10/12 14:26:19 bitflyer.go:92: url=me/getbalance resp=map[]%!(EXTRA []uint8=[123 34 115 116 97 116 117 115 34 58 45 53 48 48 44 34 101 114 114 111 114 95 109 101 115 115 97 103 101 34 58 34 75 101 121 32 110 111 116 32 102 111 117 110 100 34 44 34 100 97 116 97 34 58 110 117 108 108 125])
2024/10/12 14:26:19 bitflyer.go:101: action=GetBalance err=%s json: cannot unmarshal object into Go value of type []bitflyer.Balance
2024/10/12 14:55:32 bitflyer.go:56: action=doRequest endpoint=https://api.bitflyer.com/v1/me/getbalance
2024/10/12 14:55:32 bitflyer.go:32: 1728712532
2024/10/12 14:55:33 bitflyer.go:92: url=me/getbalance resp=map[]%!(EXTRA []uint8=[123 34 115 116 97 116 117 115 34 58 45 53 48 48 44 34 101 114 114 111 114 95 109 101 115 115 97 103 101 34 58 34 75 101 121 32 110 111 116 32 102 111 117 110 100 34 44 34 100 97 116 97 34 58 110 117 108 108 125])
2024/10/12 14:55:33 bitflyer.go:101: action=GetBalance err=%s json: cannot unmarshal object into Go value of type []bitflyer.Balance
2024/10/14 10:48:29 bitflyer.go:56: action=doRequest endpoint=https://api.bitflyer.com/v1/ticker
2024/10/14 10:48:29 bitflyer.go:32: 1728870509
2024/10/14 10:48:30 bitflyer.go:132: action=Datetime, err=parsing time "2024-10-14T01:48:07.153" as "2006-01-02T15:04:05Z07:00": cannot parse "" as "Z07:00"
2024/10/14 10:48:30 bitflyer.go:132: action=Datetime, err=parsing time "2024-10-14T01:48:07.153" as "2006-01-02T15:04:05Z07:00": cannot parse "" as "Z07:00"
2024/10/16 18:57:21 bitflyer.go:171: connecting to was://ws.loghtstream.bitflyer.com/json-rpc
2024/10/16 18:57:21 bitflyer.go:175: dial:malformed ws or wss URL
2024/10/16 18:59:08 bitflyer.go:171: connecting to wss://ws.loghtstream.bitflyer.com/json-rpc
2024/10/16 18:59:09 bitflyer.go:175: dial:dial tcp: lookup ws.loghtstream.bitflyer.com: no such host
2024/10/16 19:01:11 bitflyer.go:171: connecting to wss://ws.lightstream.bitflyer.com/json-rpc
2024/10/16 19:01:48 bitflyer.go:171: connecting to wss://ws.lightstream.bitflyer.com/json-rpc
2024/10/16 19:01:48 streamdata.go:15: action=StreamIngestionData, {BTC_USD 2024-10-16T10:01:48.5006968Z RUNNING 413659 66300.5 66500 0.01 0.13396664 3.74 3.77396664 0 0 66500 1.01675472 1.01675472}
2024/10/16 19:23:52 bitflyer.go:171: connecting to wss://ws.lightstream.bitflyer.com/json-rpc
2024/10/16 19:23:58 streamdata.go:16: action=StreamIngestionData, {BTC_USD 2024-10-16T10:23:58.2537511Z RUNNING 413719 66433.5 66500 0.01 0.12396664 2.92 3.62396664 0 0 66500 1.02675472 1.02675472}
2024/10/16 19:24:27 streamdata.go:16: action=StreamIngestionData, {BTC_USD 2024-10-16T10:24:27.4910904Z RUNNING 413720 66433.5 66500 0.01 0.12396664 2.92 3.63396664 0 0 66500 1.02675472 1.02675472}
2024/10/16 19:24:53 streamdata.go:16: action=StreamIngestionData, {BTC_USD 2024-10-16T10:24:53.1988748Z RUNNING 413721 66433.5 66500 0.01 0.12396664 2.92 3.62396664 0 0 66500 1.02675472 1.02675472}
2024/10/16 20:20:32 bitflyer.go:171: connecting to wss://ws.lightstream.bitflyer.com/json-rpc
2024/10/16 20:22:09 streamdata.go:16: action=StreamIngestionData, {BTC_USD 2024-10-16T11:22:09.5201815Z RUNNING 413792 66300.51 66499.99 0.00466698 0.03577621 2.65466698 3.09974285 0 0 66499.99 1.06675472 1.06675472}
2024/10/16 20:22:29 streamdata.go:16: action=StreamIngestionData, {BTC_USD 2024-10-16T11:22:29.5152871Z RUNNING 413795 66300.51 66500 0.00466698 0.09396664 2.65466698 3.07396664 0 0 66499.99 1.06675472 1.06675472}
2024/10/16 20:22:53 streamdata.go:16: action=StreamIngestionData, {BTC_USD 2024-10-16T11:22:53.0537916Z RUNNING 413797 66300.51 66500 0.00681066 0.09396664 2.65681066 3.08396664 0 0 66499.99 1.06675472 1.06675472}
2024/10/16 20:22:56 streamdata.go:16: action=StreamIngestionData, {BTC_USD 2024-10-16T11:22:56.2851261Z RUNNING 413798 66300.51 66500 0.00681066 0.09396664 2.65681066 3.07396664 0 0 66499.99 1.06675472 1.06675472}
2024/10/16 20:23:12 streamdata.go:16: action=StreamIngestionData, {BTC_USD 2024-10-16T11:23:12.5909094Z RUNNING 413800 66300.51 66500 0.00214368 0.09396664 2.65214368 3.07396664 0 0 66499.99 1.06675472 1.06675472}
2024/10/16 20:25:22 bitflyer.go:171: connecting to wss://ws.lightstream.bitflyer.com/json-rpc
2024/10/16 20:25:55 streamdata.go:16: action=StreamIngestionData, {BTC_USD 2024-10-16T11:25:55.4048635Z RUNNING 413804 66300.51 66500 0.00214368 0.09207584 2.65214368 3.06207584 0 0 66500 1.06864552 1.06864552}
2024/10/16 20:25:56 streamdata.go:16: action=StreamIngestionData, {BTC_USD 2024-10-16T11:25:56.0668423Z RUNNING 413806 66300.5 66500 0.01 0.0905536 2.65 3.0605536 0 0 66500 1.07016776 1.07016776}
2024/10/16 20:31:25 bitflyer.go:212: connecting to wss://ws.lightstream.bitflyer.com/json-rpc
2024/10/16 20:32:11 streamdata.go:16: action=StreamIngestionData, {BTC_USD 2024-10-16T11:32:10.9738942Z 413842 66300.51 66500 0.00142248 0.07692807 2.30142248 2.82692807 66500 1.08379329 1.08379329}
2024/10/16 20:32:15 streamdata.go:16: action=StreamIngestionData, {BTC_USD 2024-10-16T11:32:15.3244997Z 413843 66300.51 66500 0.00142248 0.07692807 2.30142248 2.81692807 66500 1.08379329 1.08379329}
2024/10/16 20:34:35 bitflyer.go:212: connecting to wss://ws.lightstream.bitflyer.com/json-rpc
2024/10/16 21:17:12 bitflyer.go:212: connecting to wss://ws.lightstream.bitflyer.com/json-rpc
2024/10/16 21:18:05 streamdata.go:16: action=StreamIngestionData, {BTC_USD 2024-10-16T12:18:05.3457632Z 413967 66372.29 66500 0.01 0.06332807 2.13 3.52332807 66500 1.09739329 1.09739329}
2024/10/16 21:18:12 streamdata.go:16: action=StreamIngestionData, {BTC_USD 2024-10-16T12:18:12.7183065Z 413969 66372.29 66500 0.01 0.05332807 2.13 3.51332807 66500 1.10739329 1.10739329}
2024/10/16 21:18:21 streamdata.go:16: action=StreamIngestionData, {BTC_USD 2024-10-16T12:18:21.1644736Z 413970 66372.29 66500 0.01 0.05332807 2.13 3.52332807 66500 1.10739329 1.10739329}
2024/10/16 21:19:54 bitflyer.go:212: connecting to wss://ws.lightstream.bitflyer.com/json-rpc
2024/10/17 09:27:31 bitflyer.go:212: connecting to wss://ws.lightstream.bitflyer.com/json-rpc
2024/10/17 09:27:59 streamdata.go:16: action=StreamIngestionData, {BTC_USD 2024-10-17T00:27:59.7958458Z 418286 67506.2 67825.42 0.02 0.04398554 3.55 3.70954804 67517.15 0.47172442 0.47172442}
2024/10/17 09:28:13 streamdata.go:16: action=StreamIngestionData, {BTC_USD 2024-10-17T00:28:13.8513626Z 418289 67506.21 67825.42 0.00579948 0.04398554 3.55769789 3.70954804 67517.15 0.47172442 0.47172442}
2024/10/17 09:28:25 streamdata.go:16: action=StreamIngestionData, {BTC_USD 2024-10-17T00:28:25.76306Z 418290 67506.21 67766.26 0.00579948 0.01 3.55769789 3.71954804 67517.15 0.47172442 0.47172442}
2024/10/17 09:28:40 streamdata.go:16: action=StreamIngestionData, {BTC_USD 2024-10-17T00:28:40.9805272Z 418292 67506.21 67766.25 0.00579948 0.02135757 3.55769789 3.73090561 67517.15 0.47172442 0.47172442}
2024/10/17 09:29:05 streamdata.go:16: action=StreamIngestionData, {BTC_USD 2024-10-17T00:29:05.6238818Z 418295 67506.21 67787.83 0.00579948 0.01 3.55579948 3.71954804 67517.15 0.47172442 0.47172442}
2024/10/17 09:29:30 streamdata.go:16: action=StreamIngestionData, {BTC_USD 2024-10-17T00:29:31.096956Z 418297 67506.21 67825.42 0.00579948 0.04398554 3.55579948 3.68412687 67517.15 0.47172442 0.47172442}
2024/10/17 09:47:48 bitflyer.go:212: connecting to wss://ws.lightstream.bitflyer.com/json-rpc
2024/10/17 09:47:51 streamdata.go:16: action=StreamIngestionData, {BTC_USD 2024-10-17T00:47:51.8655421Z 418402 67623.21 67924.25 0.02 0.04886465 3.65773563 3.52792829 67517.15 0.46172442 0.46172442}
2024/10/17 09:48:14 streamdata.go:16: action=StreamIngestionData, {BTC_USD 2024-10-17T00:48:13.8828686Z 418405 67623.21 67924.25 0.02 0.04886465 3.65 3.50671041 67517.15 0.46172442 0.46172442}
2024/10/17 09:48:29 streamdata.go:16: action=StreamIngestionData, {BTC_USD 2024-10-17T00:48:29.5788639Z 418406 67599.52 67924.25 0.01 0.04886465 3.63 3.50671041 67517.15 0.46172442 0.46172442}
2024/10/17 09:48:58 streamdata.go:16: action=StreamIngestionData, {BTC_USD 2024-10-17T00:48:58.4064811Z 418410 67632.91 67924.25 0.01 0.04886465 3.64707107 3.53007297 67517.15 0.46172442 0.46172442}
2024/10/17 09:49:22 streamdata.go:16: action=StreamIngestionData, {BTC_USD 2024-10-17T00:49:22.8209038Z 418411 67599.53 67924.25 0.00406681 0.04886465 3.63707107 3.53007297 67517.15 0.46172442 0.46172442}
2024/10/17 09:49:36 streamdata.go:16: action=StreamIngestionData, {BTC_USD 2024-10-17T00:49:36.6696117Z 418413 67625.01 67924.25 0.01 0.04886465 3.64406681 3.53007297 67517.15 0.46172442 0.46172442}
2024/10/17 09:50:01 streamdata.go:16: action=StreamIngestionData, {BTC_USD 2024-10-17T00:50:01.6694681Z 418415 67599.52 67924.25 0.01 0.04886465 3.63 3.53007297 67517.15 0.46172442 0.46172442}
2024/10/17 09:50:33 streamdata.go:16: action=StreamIngestionData, {BTC_USD 2024-10-17T00:50:33.2968465Z 418418 67633.78 67924.25 0.01 0.04886465 3.64752194 3.53007297 67517.15 0.46172442 0.46172442}
2024/10/17 09:50:58 streamdata.go:16: action=StreamIngestionData, {BTC_USD 2024-10-17T00:50:58.2936668Z 418419 67599.53 67924.25 0.00585254 0.04886465 3.63752194 3.53007297 67517.15 0.46172442 0.46172442}
2024/10/17 09:51:19 streamdata.go:16: action=StreamIngestionData, {BTC_USD 2024-10-17T00:51:19.604912Z 418421 67636.24 67924.25 0.01 0.04886465 3.64585254 3.53007297 67517.15 0.46172442 0.46172442}
2024/10/17 09:51:40 streamdata.go:16: action=StreamIngestionData, {BTC_USD 2024-10-17T00:51:40.7981756Z 418424 67564.25 67924.25 0.04 0.04886465 3.62 3.53007297 67517.15 0.46172442 0.46172442}
2024/10/17 09:52:10 streamdata.go:16: action=StreamIngestionData, {BTC_USD 2024-10-17T00:52:10.8103606Z 418426 67598.26 67924.25 0.01 0.04886465 3.63665612 3.53007297 67517.15 0.46172442 0.46172442}
2024/10/17 09:52:24 streamdata.go:16: action=StreamIngestionData, {BTC_USD 2024-10-17T00:52:24.6170861Z 418428 67598.27 67924.25 0.00120821 0.04886465 3.66786433 3.53007297 67517.15 0.46172442 0.46172442}
2024/10/17 09:52:31 streamdata.go:16: action=StreamIngestionData, {BTC_USD 2024-10-17T00:52:31.1699916Z 418430 67598.27 67924.25 0.00120821 0.04886465 3.65120821 3.53007297 67517.15 0.46172442 0.46172442}
2024/10/17 09:53:13 streamdata.go:16: action=StreamIngestionData, {BTC_USD 2024-10-17T00:53:13.2851234Z 418432 67607.79 67924.25 0.01 0.04886465 3.66 3.53007297 67517.15 0.46172442 0.46172442}
2024/10/17 09:53:13 streamdata.go:16: action=StreamIngestionData, {BTC_USD 2024-10-17T00:53:13.8922466Z 418435 67607.8 67924.25 0.00527486 0.04886465 3.66781932 3.53007297 67517.15 0.46172442 0.46172442}
2024/10/17 09:53:14 streamdata.go:16: action=StreamIngestionData, {BTC_USD 2024-10-17T00:53:14.7354436Z 418436 67607.8 67924.25 0.00527486 0.04886465 3.65781932 3.53007297 67517.15 0.46172442 0.46172442}
2024/10/17 10:38:17 bitflyer.go:212: connecting to wss://ws.lightstream.bitflyer.com/json-rpc
2024/10/17 11:10:44 bitflyer.go:212: connecting to wss://ws.lightstream.bitflyer.com/json-rpc
2024/10/17 11:10:47 streamdata.go:16: action=StreamIngestionData, {BTC_USD 2024-10-17T02:10:47.6094799Z 419016 67522.65 67886.04 0.01 0.04377572 4.55 3.51645891 67517.15 0.42653108 0.42653108}
2024/10/17 11:11:30 streamdata.go:16: action=StreamIngestionData, {BTC_USD 2024-10-17T02:11:29.9801757Z 419018 67531.53 67886.04 0.01 0.04377572 4.56748246 3.51645891 67517.15 0.41653108 0.41653108}
2024/10/17 11:11:35 streamdata.go:16: action=StreamIngestionData, {BTC_USD 2024-10-17T02:11:35.5504827Z 419020 67531.53 67886.04 0.01 0.04377572 4.66 3.51645891 67517.15 0.41653108 0.41653108}
2024/10/17 11:11:57 streamdata.go:16: action=StreamIngestionData, {BTC_USD 2024-10-17T02:11:56.8863613Z 419022 67555.19 67886.04 0.01 0.04377572 4.67709385 3.51645891 67517.15 0.41653108 0.41653108}
2024/10/17 11:12:38 streamdata.go:16: action=StreamIngestionData, {BTC_USD 2024-10-17T02:12:37.9745889Z 419026 67531.54 67815.04 0.00709385 0.01 4.65709385 3.51645891 67517.15 0.41653108 0.41653108}
2024/10/17 11:12:55 streamdata.go:16: action=StreamIngestionData, {BTC_USD 2024-10-17T02:12:55.3263056Z 419028 67544.38 67815.04 0.02 0.01 4.67 3.51645891 67517.15 0.41653108 0.41653108}
2024/10/17 11:13:08 bitflyer.go:212: connecting to wss://ws.lightstream.bitflyer.com/json-rpc
2024/10/17 11:13:11 streamdata.go:16: action=StreamIngestionData, {BTC_USD 2024-10-17T02:13:11.1180136Z 419031 67544.39 67815.03 0.00792364 0.02465545 4.68792364 3.54111436 67517.15 0.41653108 0.41653108}
2024/10/17 11:13:14 streamdata.go:16: action=StreamIngestionData, {BTC_USD 2024-10-17T02:13:14.0514541Z 419034 67544.39 67815.03 0.00792364 0.02465545 4.68792364 3.49733864 67517.15 0.41653108 0.41653108}
2024/10/17 11:13:29 streamdata.go:16: action=StreamIngestionData, {BTC_USD 2024-10-17T02:13:28.9679189Z 419040 67544.39 67815.03 0.00792364 0.02465545 4.44792364 3.48733864 67517.15 0.41653108 0.41653108}
2024/10/17 11:13:33 bitflyer.go:212: connecting to wss://ws.lightstream.bitflyer.com/json-rpc
2024/10/17 11:13:52 streamdata.go:16: action=StreamIngestionData, {BTC_USD 2024-10-17T02:13:52.2067629Z 419042 67494.84 67815.03 0.01 0.02465545 4.45 3.48733864 67517.15 0.41653108 0.41653108}
2024/10/17 11:13:53 streamdata.go:16: action=StreamIngestionData, {BTC_USD 2024-10-17T02:13:53.7005205Z 419046 67494.85 67815.03 0.00649745 0.05132816 4.46801807 3.51401135 67517.15 0.41653108 0.41653108}
2024/10/17 11:13:55 streamdata.go:16: action=StreamIngestionData, {BTC_USD 2024-10-17T02:13:55.629425Z 419047 67494.85 67815.03 0.00649745 0.05132816 4.47801807 3.51401135 67517.15 0.41653108 0.41653108}
2024/10/17 11:14:09 streamdata.go:16: action=StreamIngestionData, {BTC_USD 2024-10-17T02:14:08.9825064Z 419048 67494.85 67815.03 0.00649745 0.05132816 4.48801807 3.51401135 67517.15 0.41653108 0.41653108}
2024/10/17 11:14:29 streamdata.go:16: action=StreamIngestionData, {BTC_USD 2024-10-17T02:14:29.3510752Z 419049 67494.85 67815.03 0.00649745 0.05132816 4.57801807 3.51401135 67517.15 0.41653108 0.41653108}
2024/10/17 11:14:48 streamdata.go:16: action=StreamIngestionData, {BTC_USD 2024-10-17T02:14:48.0093165Z 419050 67494.85 67749.62 0.00649745 0.01 4.57801807 3.52401135 67517.15 0.41653108 0.41653108}
2024/10/17 11:15:14 bitflyer.go:212: connecting to wss://ws.lightstream.bitflyer.com/json-rpc
2024/10/17 11:16:24 streamdata.go:16: action=StreamIngestionData, {BTC_USD 2024-10-17T02:16:24.1720961Z 419053 67494.85 67749.62 0.00649745 0.01 4.56649745 3.4993559 67517.15 0.41653108 0.41653108}
2024/10/17 12:04:11 bitflyer.go:212: connecting to wss://ws.lightstream.bitflyer.com/json-rpc
2024/10/17 12:04:12 streamdata.go:16: action=StreamIngestionData, {BTC_USD 2024-10-17T03:04:11.9939935Z 419293 67314.6 67602.08 0.01 0.01 4.6 3.45944324 67517.15 0.38653108 0.38653108}
2024/10/17 12:04:21 server.go:3489: http: panic serving [::1]:53760: runtime error: slice bounds out of range [-9:]
goroutine 21 [running]:
net/http.(*conn).serve.func1()
	/opt/homebrew/Cellar/go/1.23.0/libexec/src/net/http/server.go:1947 +0xb0
panic({0x100e13f80?, 0x14000346180?})
	/opt/homebrew/Cellar/go/1.23.0/libexec/src/runtime/panic.go:785 +0x124
tradingBitCoin/app/tradingalgo.IchimokuCloud({0x140003480d0?, 0x19, 0x14000319868?})
	/Users/yagisawahodaka/Desktop/GoPractice/bitCoinTradeSystem/tradingBitCoin/app/tradingalgo/algo.go:48 +0xd8
tradingBitCoin/app/models.(*DataFrameCandle).AddIchimoku(0x140002e0c80)
	/Users/yagisawahodaka/Desktop/GoPractice/bitCoinTradeSystem/tradingBitCoin/app/models/dfcandle.go:155 +0x138
tradingBitCoin/app/controllers.apiCandleHandler({0x100e3fd18, 0x140002e4700}, 0x140002c5900)
	/Users/yagisawahodaka/Desktop/GoPractice/bitCoinTradeSystem/tradingBitCoin/app/controllers/webserver.go:132 +0x43c
tradingBitCoin/app/controllers.StartWebServer.apiMakeHandler.func1({0x100e3fd18, 0x140002e4700}, 0x140002c5900)
	/Users/yagisawahodaka/Desktop/GoPractice/bitCoinTradeSystem/tradingBitCoin/app/controllers/webserver.go:47 +0x88
net/http.HandlerFunc.ServeHTTP(0x1010e1ba0?, {0x100e3fd18?, 0x140002e4700?}, 0x100b4f004?)
	/opt/homebrew/Cellar/go/1.23.0/libexec/src/net/http/server.go:2220 +0x38
net/http.(*ServeMux).ServeHTTP(0x0?, {0x100e3fd18, 0x140002e4700}, 0x140002c5900)
	/opt/homebrew/Cellar/go/1.23.0/libexec/src/net/http/server.go:2747 +0x1b4
net/http.serverHandler.ServeHTTP({0x14000328ab0?}, {0x100e3fd18?, 0x140002e4700?}, 0x6?)
	/opt/homebrew/Cellar/go/1.23.0/libexec/src/net/http/server.go:3210 +0xbc
net/http.(*conn).serve(0x14000132000, {0x100e404a8, 0x140001a5a40})
	/opt/homebrew/Cellar/go/1.23.0/libexec/src/net/http/server.go:2092 +0x4fc
created by net/http.(*Server).Serve in goroutine 1
	/opt/homebrew/Cellar/go/1.23.0/libexec/src/net/http/server.go:3360 +0x3dc
2024/10/17 12:04:21 server.go:3489: http: panic serving [::1]:53761: runtime error: slice bounds out of range [-9:]
goroutine 55 [running]:
net/http.(*conn).serve.func1()
	/opt/homebrew/Cellar/go/1.23.0/libexec/src/net/http/server.go:1947 +0xb0
panic({0x100e13f80?, 0x14000346b58?})
	/opt/homebrew/Cellar/go/1.23.0/libexec/src/runtime/panic.go:785 +0x124
tradingBitCoin/app/tradingalgo.IchimokuCloud({0x140003485b0?, 0x19, 0x14000319868?})
	/Users/yagisawahodaka/Desktop/GoPractice/bitCoinTradeSystem/tradingBitCoin/app/tradingalgo/algo.go:48 +0xd8
tradingBitCoin/app/models.(*DataFrameCandle).AddIchimoku(0x140002e0dc0)
	/Users/yagisawahodaka/Desktop/GoPractice/bitCoinTradeSystem/tradingBitCoin/app/models/dfcandle.go:155 +0x138
tradingBitCoin/app/controllers.apiCandleHandler({0x100e3fd18, 0x140002e47e0}, 0x140002c5a40)
	/Users/yagisawahodaka/Desktop/GoPractice/bitCoinTradeSystem/tradingBitCoin/app/controllers/webserver.go:132 +0x43c
tradingBitCoin/app/controllers.StartWebServer.apiMakeHandler.func1({0x100e3fd18, 0x140002e47e0}, 0x140002c5a40)
	/Users/yagisawahodaka/Desktop/GoPractice/bitCoinTradeSystem/tradingBitCoin/app/controllers/webserver.go:47 +0x88
net/http.HandlerFunc.ServeHTTP(0x1010e1ba0?, {0x100e3fd18?, 0x140002e47e0?}, 0x100b4f004?)
	/opt/homebrew/Cellar/go/1.23.0/libexec/src/net/http/server.go:2220 +0x38
net/http.(*ServeMux).ServeHTTP(0x0?, {0x100e3fd18, 0x140002e47e0}, 0x140002c5a40)
	/opt/homebrew/Cellar/go/1.23.0/libexec/src/net/http/server.go:2747 +0x1b4
net/http.serverHandler.ServeHTTP({0x140003290e0?}, {0x100e3fd18?, 0x140002e47e0?}, 0x6?)
	/opt/homebrew/Cellar/go/1.23.0/libexec/src/net/http/server.go:3210 +0xbc
net/http.(*conn).serve(0x14000290bd0, {0x100e404a8, 0x140001a5a40})
	/opt/homebrew/Cellar/go/1.23.0/libexec/src/net/http/server.go:2092 +0x4fc
created by net/http.(*Server).Serve in goroutine 1
	/opt/homebrew/Cellar/go/1.23.0/libexec/src/net/http/server.go:3360 +0x3dc
2024/10/17 12:04:37 server.go:3489: http: panic serving [::1]:53765: runtime error: index out of range [25] with length 25
goroutine 24 [running]:
net/http.(*conn).serve.func1()
	/opt/homebrew/Cellar/go/1.23.0/libexec/src/net/http/server.go:1947 +0xb0
panic({0x100e13f80?, 0x14000178708?})
	/opt/homebrew/Cellar/go/1.23.0/libexec/src/runtime/panic.go:785 +0x124
github.com/markcheno/go-talib.ema({0x14000400000, 0x19, 0x140003197b8?}, 0x1a, 0x3fb2f684bda12f68)
	/Users/yagisawahodaka/go/pkg/mod/github.com/markcheno/go-talib@v0.0.0-20190307022042-cd53a9264d70/talib.go:114 +0x130
github.com/markcheno/go-talib.Macd({0x14000400000, 0x19, 0x19}, 0x1008dd518?, 0x30?, 0x9)
	/Users/yagisawahodaka/go/pkg/mod/github.com/markcheno/go-talib@v0.0.0-20190307022042-cd53a9264d70/talib.go:2008 +0xc4
tradingBitCoin/app/models.(*DataFrameCandle).AddMacd(0x1400014e460, 0xc, 0x1a, 0x9)
	/Users/yagisawahodaka/Desktop/GoPractice/bitCoinTradeSystem/tradingBitCoin/app/models/dfcandle.go:181 +0xd4
tradingBitCoin/app/controllers.apiCandleHandler({0x100e3fd18, 0x140001422a0}, 0x1400012a500)
	/Users/yagisawahodaka/Desktop/GoPractice/bitCoinTradeSystem/tradingBitCoin/app/controllers/webserver.go:162 +0x5b0
tradingBitCoin/app/controllers.StartWebServer.apiMakeHandler.func1({0x100e3fd18, 0x140001422a0}, 0x1400012a500)
	/Users/yagisawahodaka/Desktop/GoPractice/bitCoinTradeSystem/tradingBitCoin/app/controllers/webserver.go:47 +0x88
net/http.HandlerFunc.ServeHTTP(0x1010e1ba0?, {0x100e3fd18?, 0x140001422a0?}, 0x100b4f004?)
	/opt/homebrew/Cellar/go/1.23.0/libexec/src/net/http/server.go:2220 +0x38
net/http.(*ServeMux).ServeHTTP(0x0?, {0x100e3fd18, 0x140001422a0}, 0x1400012a500)
	/opt/homebrew/Cellar/go/1.23.0/libexec/src/net/http/server.go:2747 +0x1b4
net/http.serverHandler.ServeHTTP({0x140001245d0?}, {0x100e3fd18?, 0x140001422a0?}, 0x6?)
	/opt/homebrew/Cellar/go/1.23.0/libexec/src/net/http/server.go:3210 +0xbc
net/http.(*conn).serve(0x14000132240, {0x100e404a8, 0x140001a5a40})
	/opt/homebrew/Cellar/go/1.23.0/libexec/src/net/http/server.go:2092 +0x4fc
created by net/http.(*Server).Serve in goroutine 1
	/opt/homebrew/Cellar/go/1.23.0/libexec/src/net/http/server.go:3360 +0x3dc
2024/10/17 12:04:37 server.go:3489: http: panic serving [::1]:53766: runtime error: index out of range [25] with length 25
goroutine 60 [running]:
net/http.(*conn).serve.func1()
	/opt/homebrew/Cellar/go/1.23.0/libexec/src/net/http/server.go:1947 +0xb0
panic({0x100e13f80?, 0x1400038a8b8?})
	/opt/homebrew/Cellar/go/1.23.0/libexec/src/runtime/panic.go:785 +0x124
github.com/markcheno/go-talib.ema({0x14000348b60, 0x19, 0x1400031b7b8?}, 0x1a, 0x3fb2f684bda12f68)
	/Users/yagisawahodaka/go/pkg/mod/github.com/markcheno/go-talib@v0.0.0-20190307022042-cd53a9264d70/talib.go:114 +0x130
github.com/markcheno/go-talib.Macd({0x14000348b60, 0x19, 0x19}, 0x1008dd518?, 0x30?, 0x9)
	/Users/yagisawahodaka/go/pkg/mod/github.com/markcheno/go-talib@v0.0.0-20190307022042-cd53a9264d70/talib.go:2008 +0xc4
tradingBitCoin/app/models.(*DataFrameCandle).AddMacd(0x140002e1180, 0xc, 0x1a, 0x9)
	/Users/yagisawahodaka/Desktop/GoPractice/bitCoinTradeSystem/tradingBitCoin/app/models/dfcandle.go:181 +0xd4
tradingBitCoin/app/controllers.apiCandleHandler({0x100e3fd18, 0x140002e4a80}, 0x140002c5e00)
	/Users/yagisawahodaka/Desktop/GoPractice/bitCoinTradeSystem/tradingBitCoin/app/controllers/webserver.go:162 +0x5b0
tradingBitCoin/app/controllers.StartWebServer.apiMakeHandler.func1({0x100e3fd18, 0x140002e4a80}, 0x140002c5e00)
	/Users/yagisawahodaka/Desktop/GoPractice/bitCoinTradeSystem/tradingBitCoin/app/controllers/webserver.go:47 +0x88
net/http.HandlerFunc.ServeHTTP(0x1010e1ba0?, {0x100e3fd18?, 0x140002e4a80?}, 0x100b4f004?)
	/opt/homebrew/Cellar/go/1.23.0/libexec/src/net/http/server.go:2220 +0x38
net/http.(*ServeMux).ServeHTTP(0x0?, {0x100e3fd18, 0x140002e4a80}, 0x140002c5e00)
	/opt/homebrew/Cellar/go/1.23.0/libexec/src/net/http/server.go:2747 +0x1b4
net/http.serverHandler.ServeHTTP({0x14000329b30?}, {0x100e3fd18?, 0x140002e4a80?}, 0x6?)
	/opt/homebrew/Cellar/go/1.23.0/libexec/src/net/http/server.go:3210 +0xbc
net/http.(*conn).serve(0x14000290fc0, {0x100e404a8, 0x140001a5a40})
	/opt/homebrew/Cellar/go/1.23.0/libexec/src/net/http/server.go:2092 +0x4fc
created by net/http.(*Server).Serve in goroutine 1
	/opt/homebrew/Cellar/go/1.23.0/libexec/src/net/http/server.go:3360 +0x3dc
2024/10/17 12:04:37 streamdata.go:16: action=StreamIngestionData, {BTC_USD 2024-10-17T03:04:37.7304388Z 419297 67325.01 67602.07 0.01 0.02463828 4.61764226 3.48408152 67517.15 0.38653108 0.38653108}
2024/10/17 12:04:41 server.go:3489: http: panic serving [::1]:53768: runtime error: index out of range [25] with length 25
goroutine 62 [running]:
net/http.(*conn).serve.func1()
	/opt/homebrew/Cellar/go/1.23.0/libexec/src/net/http/server.go:1947 +0xb0
panic({0x100e13f80?, 0x1400038b500?})
	/opt/homebrew/Cellar/go/1.23.0/libexec/src/runtime/panic.go:785 +0x124
github.com/markcheno/go-talib.ema({0x14000348dd0, 0x19, 0x1400031b7b8?}, 0x1a, 0x3fb2f684bda12f68)
	/Users/yagisawahodaka/go/pkg/mod/github.com/markcheno/go-talib@v0.0.0-20190307022042-cd53a9264d70/talib.go:114 +0x130
github.com/markcheno/go-talib.Macd({0x14000348dd0, 0x19, 0x19}, 0x1008dd518?, 0x30?, 0x9)
	/Users/yagisawahodaka/go/pkg/mod/github.com/markcheno/go-talib@v0.0.0-20190307022042-cd53a9264d70/talib.go:2008 +0xc4
tradingBitCoin/app/models.(*DataFrameCandle).AddMacd(0x140002e14a0, 0xc, 0x1a, 0x9)
	/Users/yagisawahodaka/Desktop/GoPractice/bitCoinTradeSystem/tradingBitCoin/app/models/dfcandle.go:181 +0xd4
tradingBitCoin/app/controllers.apiCandleHandler({0x100e3fd18, 0x140002e4b60}, 0x140003a6140)
	/Users/yagisawahodaka/Desktop/GoPractice/bitCoinTradeSystem/tradingBitCoin/app/controllers/webserver.go:162 +0x5b0
tradingBitCoin/app/controllers.StartWebServer.apiMakeHandler.func1({0x100e3fd18, 0x140002e4b60}, 0x140003a6140)
	/Users/yagisawahodaka/Desktop/GoPractice/bitCoinTradeSystem/tradingBitCoin/app/controllers/webserver.go:47 +0x88
net/http.HandlerFunc.ServeHTTP(0x1010e1ba0?, {0x100e3fd18?, 0x140002e4b60?}, 0x100b4f004?)
	/opt/homebrew/Cellar/go/1.23.0/libexec/src/net/http/server.go:2220 +0x38
net/http.(*ServeMux).ServeHTTP(0x0?, {0x100e3fd18, 0x140002e4b60}, 0x140003a6140)
	/opt/homebrew/Cellar/go/1.23.0/libexec/src/net/http/server.go:2747 +0x1b4
net/http.serverHandler.ServeHTTP({0x140003a8360?}, {0x100e3fd18?, 0x140002e4b60?}, 0x6?)
	/opt/homebrew/Cellar/go/1.23.0/libexec/src/net/http/server.go:3210 +0xbc
net/http.(*conn).serve(0x14000291200, {0x100e404a8, 0x140001a5a40})
	/opt/homebrew/Cellar/go/1.23.0/libexec/src/net/http/server.go:2092 +0x4fc
created by net/http.(*Server).Serve in goroutine 1
	/opt/homebrew/Cellar/go/1.23.0/libexec/src/net/http/server.go:3360 +0x3dc
2024/10/17 12:04:42 server.go:3489: http: panic serving [::1]:53769: runtime error: index out of range [25] with length 25
goroutine 64 [running]:
net/http.(*conn).serve.func1()
	/opt/homebrew/Cellar/go/1.23.0/libexec/src/net/http/server.go:1947 +0xb0
panic({0x100e13f80?, 0x140001790e0?})
	/opt/homebrew/Cellar/go/1.23.0/libexec/src/runtime/panic.go:785 +0x124
github.com/markcheno/go-talib.ema({0x14000400270, 0x19, 0x140003197b8?}, 0x1a, 0x3fb2f684bda12f68)
	/Users/yagisawahodaka/go/pkg/mod/github.com/markcheno/go-talib@v0.0.0-20190307022042-cd53a9264d70/talib.go:114 +0x130
github.com/markcheno/go-talib.Macd({0x14000400270, 0x19, 0x19}, 0x1008dd518?, 0x30?, 0x9)
	/Users/yagisawahodaka/go/pkg/mod/github.com/markcheno/go-talib@v0.0.0-20190307022042-cd53a9264d70/talib.go:2008 +0xc4
tradingBitCoin/app/models.(*DataFrameCandle).AddMacd(0x1400014e5a0, 0xc, 0x1a, 0x9)
	/Users/yagisawahodaka/Desktop/GoPractice/bitCoinTradeSystem/tradingBitCoin/app/models/dfcandle.go:181 +0xd4
tradingBitCoin/app/controllers.apiCandleHandler({0x100e3fd18, 0x14000142380}, 0x140003a6280)
	/Users/yagisawahodaka/Desktop/GoPractice/bitCoinTradeSystem/tradingBitCoin/app/controllers/webserver.go:162 +0x5b0
tradingBitCoin/app/controllers.StartWebServer.apiMakeHandler.func1({0x100e3fd18, 0x14000142380}, 0x140003a6280)
	/Users/yagisawahodaka/Desktop/GoPractice/bitCoinTradeSystem/tradingBitCoin/app/controllers/webserver.go:47 +0x88
net/http.HandlerFunc.ServeHTTP(0x1010e1ba0?, {0x100e3fd18?, 0x14000142380?}, 0x100b4f004?)
	/opt/homebrew/Cellar/go/1.23.0/libexec/src/net/http/server.go:2220 +0x38
net/http.(*ServeMux).ServeHTTP(0x0?, {0x100e3fd18, 0x14000142380}, 0x140003a6280)
	/opt/homebrew/Cellar/go/1.23.0/libexec/src/net/http/server.go:2747 +0x1b4
net/http.serverHandler.ServeHTTP({0x140003a8810?}, {0x100e3fd18?, 0x14000142380?}, 0x6?)
	/opt/homebrew/Cellar/go/1.23.0/libexec/src/net/http/server.go:3210 +0xbc
net/http.(*conn).serve(0x140002913b0, {0x100e404a8, 0x140001a5a40})
	/opt/homebrew/Cellar/go/1.23.0/libexec/src/net/http/server.go:2092 +0x4fc
created by net/http.(*Server).Serve in goroutine 1
	/opt/homebrew/Cellar/go/1.23.0/libexec/src/net/http/server.go:3360 +0x3dc
2024/10/17 12:04:43 server.go:3489: http: panic serving [::1]:53770: runtime error: index out of range [25] with length 25
goroutine 29 [running]:
net/http.(*conn).serve.func1()
	/opt/homebrew/Cellar/go/1.23.0/libexec/src/net/http/server.go:1947 +0xb0
panic({0x100e13f80?, 0x14000179ab8?})
	/opt/homebrew/Cellar/go/1.23.0/libexec/src/runtime/panic.go:785 +0x124
github.com/markcheno/go-talib.ema({0x14000400680, 0x19, 0x140003197b8?}, 0x1a, 0x3fb2f684bda12f68)
	/Users/yagisawahodaka/go/pkg/mod/github.com/markcheno/go-talib@v0.0.0-20190307022042-cd53a9264d70/talib.go:114 +0x130
github.com/markcheno/go-talib.Macd({0x14000400680, 0x19, 0x19}, 0x1008dd518?, 0x30?, 0x9)
	/Users/yagisawahodaka/go/pkg/mod/github.com/markcheno/go-talib@v0.0.0-20190307022042-cd53a9264d70/talib.go:2008 +0xc4
tradingBitCoin/app/models.(*DataFrameCandle).AddMacd(0x1400014e6e0, 0xc, 0x1a, 0x9)
	/Users/yagisawahodaka/Desktop/GoPractice/bitCoinTradeSystem/tradingBitCoin/app/models/dfcandle.go:181 +0xd4
tradingBitCoin/app/controllers.apiCandleHandler({0x100e3fd18, 0x14000142460}, 0x1400012a640)
	/Users/yagisawahodaka/Desktop/GoPractice/bitCoinTradeSystem/tradingBitCoin/app/controllers/webserver.go:162 +0x5b0
tradingBitCoin/app/controllers.StartWebServer.apiMakeHandler.func1({0x100e3fd18, 0x14000142460}, 0x1400012a640)
	/Users/yagisawahodaka/Desktop/GoPractice/bitCoinTradeSystem/tradingBitCoin/app/controllers/webserver.go:47 +0x88
net/http.HandlerFunc.ServeHTTP(0x1010e1ba0?, {0x100e3fd18?, 0x14000142460?}, 0x100b4f004?)
	/opt/homebrew/Cellar/go/1.23.0/libexec/src/net/http/server.go:2220 +0x38
net/http.(*ServeMux).ServeHTTP(0x0?, {0x100e3fd18, 0x14000142460}, 0x1400012a640)
	/opt/homebrew/Cellar/go/1.23.0/libexec/src/net/http/server.go:2747 +0x1b4
net/http.serverHandler.ServeHTTP({0x14000125500?}, {0x100e3fd18?, 0x14000142460?}, 0x6?)
	/opt/homebrew/Cellar/go/1.23.0/libexec/src/net/http/server.go:3210 +0xbc
net/http.(*conn).serve(0x14000132630, {0x100e404a8, 0x140001a5a40})
	/opt/homebrew/Cellar/go/1.23.0/libexec/src/net/http/server.go:2092 +0x4fc
created by net/http.(*Server).Serve in goroutine 1
	/opt/homebrew/Cellar/go/1.23.0/libexec/src/net/http/server.go:3360 +0x3dc
2024/10/17 12:04:45 server.go:3489: http: panic serving [::1]:53771: runtime error: index out of range [25] with length 25
goroutine 31 [running]:
net/http.(*conn).serve.func1()
	/opt/homebrew/Cellar/go/1.23.0/libexec/src/net/http/server.go:1947 +0xb0
panic({0x100e13f80?, 0x14000444498?})
	/opt/homebrew/Cellar/go/1.23.0/libexec/src/runtime/panic.go:785 +0x124
github.com/markcheno/go-talib.ema({0x14000400a90, 0x19, 0x140003197b8?}, 0x1a, 0x3fb2f684bda12f68)
	/Users/yagisawahodaka/go/pkg/mod/github.com/markcheno/go-talib@v0.0.0-20190307022042-cd53a9264d70/talib.go:114 +0x130
github.com/markcheno/go-talib.Macd({0x14000400a90, 0x19, 0x19}, 0x1008dd518?, 0x30?, 0x9)
	/Users/yagisawahodaka/go/pkg/mod/github.com/markcheno/go-talib@v0.0.0-20190307022042-cd53a9264d70/talib.go:2008 +0xc4
tradingBitCoin/app/models.(*DataFrameCandle).AddMacd(0x1400014e820, 0xc, 0x1a, 0x9)
	/Users/yagisawahodaka/Desktop/GoPractice/bitCoinTradeSystem/tradingBitCoin/app/models/dfcandle.go:181 +0xd4
tradingBitCoin/app/controllers.apiCandleHandler({0x100e3fd18, 0x14000142540}, 0x1400012a780)
	/Users/yagisawahodaka/Desktop/GoPractice/bitCoinTradeSystem/tradingBitCoin/app/controllers/webserver.go:162 +0x5b0
tradingBitCoin/app/controllers.StartWebServer.apiMakeHandler.func1({0x100e3fd18, 0x14000142540}, 0x1400012a780)
	/Users/yagisawahodaka/Desktop/GoPractice/bitCoinTradeSystem/tradingBitCoin/app/controllers/webserver.go:47 +0x88
net/http.HandlerFunc.ServeHTTP(0x1010e1ba0?, {0x100e3fd18?, 0x14000142540?}, 0x100b4f004?)
	/opt/homebrew/Cellar/go/1.23.0/libexec/src/net/http/server.go:2220 +0x38
net/http.(*ServeMux).ServeHTTP(0x0?, {0x100e3fd18, 0x14000142540}, 0x1400012a780)
	/opt/homebrew/Cellar/go/1.23.0/libexec/src/net/http/server.go:2747 +0x1b4
net/http.serverHandler.ServeHTTP({0x140001259e0?}, {0x100e3fd18?, 0x14000142540?}, 0x6?)
	/opt/homebrew/Cellar/go/1.23.0/libexec/src/net/http/server.go:3210 +0xbc
net/http.(*conn).serve(0x140001327e0, {0x100e404a8, 0x140001a5a40})
	/opt/homebrew/Cellar/go/1.23.0/libexec/src/net/http/server.go:2092 +0x4fc
created by net/http.(*Server).Serve in goroutine 1
	/opt/homebrew/Cellar/go/1.23.0/libexec/src/net/http/server.go:3360 +0x3dc
2024/10/17 12:04:46 server.go:3489: http: panic serving [::1]:53772: runtime error: slice bounds out of range [-9:]
goroutine 10 [running]:
net/http.(*conn).serve.func1()
	/opt/homebrew/Cellar/go/1.23.0/libexec/src/net/http/server.go:1947 +0xb0
panic({0x100e13f80?, 0x14000444e70?})
	/opt/homebrew/Cellar/go/1.23.0/libexec/src/runtime/panic.go:785 +0x124
tradingBitCoin/app/tradingalgo.IchimokuCloud({0x14000400dd0?, 0x19, 0x14000319868?})
	/Users/yagisawahodaka/Desktop/GoPractice/bitCoinTradeSystem/tradingBitCoin/app/tradingalgo/algo.go:48 +0xd8
tradingBitCoin/app/models.(*DataFrameCandle).AddIchimoku(0x1400014e960)
	/Users/yagisawahodaka/Desktop/GoPractice/bitCoinTradeSystem/tradingBitCoin/app/models/dfcandle.go:155 +0x138
tradingBitCoin/app/controllers.apiCandleHandler({0x100e3fd18, 0x14000142620}, 0x1400012a8c0)
	/Users/yagisawahodaka/Desktop/GoPractice/bitCoinTradeSystem/tradingBitCoin/app/controllers/webserver.go:132 +0x43c
tradingBitCoin/app/controllers.StartWebServer.apiMakeHandler.func1({0x100e3fd18, 0x14000142620}, 0x1400012a8c0)
	/Users/yagisawahodaka/Desktop/GoPractice/bitCoinTradeSystem/tradingBitCoin/app/controllers/webserver.go:47 +0x88
net/http.HandlerFunc.ServeHTTP(0x1010e1ba0?, {0x100e3fd18?, 0x14000142620?}, 0x100b4f004?)
	/opt/homebrew/Cellar/go/1.23.0/libexec/src/net/http/server.go:2220 +0x38
net/http.(*ServeMux).ServeHTTP(0x0?, {0x100e3fd18, 0x14000142620}, 0x1400012a8c0)
	/opt/homebrew/Cellar/go/1.23.0/libexec/src/net/http/server.go:2747 +0x1b4
net/http.serverHandler.ServeHTTP({0x14000125e60?}, {0x100e3fd18?, 0x14000142620?}, 0x6?)
	/opt/homebrew/Cellar/go/1.23.0/libexec/src/net/http/server.go:3210 +0xbc
net/http.(*conn).serve(0x140000a4480, {0x100e404a8, 0x140001a5a40})
	/opt/homebrew/Cellar/go/1.23.0/libexec/src/net/http/server.go:2092 +0x4fc
created by net/http.(*Server).Serve in goroutine 1
	/opt/homebrew/Cellar/go/1.23.0/libexec/src/net/http/server.go:3360 +0x3dc
2024/10/17 12:04:47 server.go:3489: http: panic serving [::1]:53773: runtime error: slice bounds out of range [-9:]
goroutine 66 [running]:
net/http.(*conn).serve.func1()
	/opt/homebrew/Cellar/go/1.23.0/libexec/src/net/http/server.go:1947 +0xb0
panic({0x100e13f80?, 0x14000445848?})
	/opt/homebrew/Cellar/go/1.23.0/libexec/src/runtime/panic.go:785 +0x124
tradingBitCoin/app/tradingalgo.IchimokuCloud({0x14000401860?, 0x19, 0x14000319868?})
	/Users/yagisawahodaka/Desktop/GoPractice/bitCoinTradeSystem/tradingBitCoin/app/tradingalgo/algo.go:48 +0xd8
tradingBitCoin/app/models.(*DataFrameCandle).AddIchimoku(0x1400014eaa0)
	/Users/yagisawahodaka/Desktop/GoPractice/bitCoinTradeSystem/tradingBitCoin/app/models/dfcandle.go:155 +0x138
tradingBitCoin/app/controllers.apiCandleHandler({0x100e3fd18, 0x14000142700}, 0x1400012aa00)
	/Users/yagisawahodaka/Desktop/GoPractice/bitCoinTradeSystem/tradingBitCoin/app/controllers/webserver.go:132 +0x43c
tradingBitCoin/app/controllers.StartWebServer.apiMakeHandler.func1({0x100e3fd18, 0x14000142700}, 0x1400012aa00)
	/Users/yagisawahodaka/Desktop/GoPractice/bitCoinTradeSystem/tradingBitCoin/app/controllers/webserver.go:47 +0x88
net/http.HandlerFunc.ServeHTTP(0x1010e1ba0?, {0x100e3fd18?, 0x14000142700?}, 0x100b4f004?)
	/opt/homebrew/Cellar/go/1.23.0/libexec/src/net/http/server.go:2220 +0x38
net/http.(*ServeMux).ServeHTTP(0x0?, {0x100e3fd18, 0x14000142700}, 0x1400012aa00)
	/opt/homebrew/Cellar/go/1.23.0/libexec/src/net/http/server.go:2747 +0x1b4
net/http.serverHandler.ServeHTTP({0x14000458210?}, {0x100e3fd18?, 0x14000142700?}, 0x6?)
	/opt/homebrew/Cellar/go/1.23.0/libexec/src/net/http/server.go:3210 +0xbc
net/http.(*conn).serve(0x14000132ab0, {0x100e404a8, 0x140001a5a40})
	/opt/homebrew/Cellar/go/1.23.0/libexec/src/net/http/server.go:2092 +0x4fc
created by net/http.(*Server).Serve in goroutine 1
	/opt/homebrew/Cellar/go/1.23.0/libexec/src/net/http/server.go:3360 +0x3dc
2024/10/17 12:04:48 server.go:3489: http: panic serving [::1]:53774: runtime error: slice bounds out of range [-9:]
goroutine 68 [running]:
net/http.(*conn).serve.func1()
	/opt/homebrew/Cellar/go/1.23.0/libexec/src/net/http/server.go:1947 +0xb0
panic({0x100e13f80?, 0x14000492228?})
	/opt/homebrew/Cellar/go/1.23.0/libexec/src/runtime/panic.go:785 +0x124
tradingBitCoin/app/tradingalgo.IchimokuCloud({0x14000494680?, 0x19, 0x14000319868?})
	/Users/yagisawahodaka/Desktop/GoPractice/bitCoinTradeSystem/tradingBitCoin/app/tradingalgo/algo.go:48 +0xd8
tradingBitCoin/app/models.(*DataFrameCandle).AddIchimoku(0x1400014ebe0)
	/Users/yagisawahodaka/Desktop/GoPractice/bitCoinTradeSystem/tradingBitCoin/app/models/dfcandle.go:155 +0x138
tradingBitCoin/app/controllers.apiCandleHandler({0x100e3fd18, 0x140001427e0}, 0x1400012ab40)
	/Users/yagisawahodaka/Desktop/GoPractice/bitCoinTradeSystem/tradingBitCoin/app/controllers/webserver.go:132 +0x43c
tradingBitCoin/app/controllers.StartWebServer.apiMakeHandler.func1({0x100e3fd18, 0x140001427e0}, 0x1400012ab40)
	/Users/yagisawahodaka/Desktop/GoPractice/bitCoinTradeSystem/tradingBitCoin/app/controllers/webserver.go:47 +0x88
net/http.HandlerFunc.ServeHTTP(0x1010e1ba0?, {0x100e3fd18?, 0x140001427e0?}, 0x100b4f004?)
	/opt/homebrew/Cellar/go/1.23.0/libexec/src/net/http/server.go:2220 +0x38
net/http.(*ServeMux).ServeHTTP(0x0?, {0x100e3fd18, 0x140001427e0}, 0x1400012ab40)
	/opt/homebrew/Cellar/go/1.23.0/libexec/src/net/http/server.go:2747 +0x1b4
net/http.serverHandler.ServeHTTP({0x140004585a0?}, {0x100e3fd18?, 0x140001427e0?}, 0x6?)
	/opt/homebrew/Cellar/go/1.23.0/libexec/src/net/http/server.go:3210 +0xbc
net/http.(*conn).serve(0x14000132c60, {0x100e404a8, 0x140001a5a40})
	/opt/homebrew/Cellar/go/1.23.0/libexec/src/net/http/server.go:2092 +0x4fc
created by net/http.(*Server).Serve in goroutine 1
	/opt/homebrew/Cellar/go/1.23.0/libexec/src/net/http/server.go:3360 +0x3dc
2024/10/17 12:04:48 server.go:3489: http: panic serving [::1]:53775: runtime error: slice bounds out of range [-9:]
goroutine 70 [running]:
net/http.(*conn).serve.func1()
	/opt/homebrew/Cellar/go/1.23.0/libexec/src/net/http/server.go:1947 +0xb0
panic({0x100e13f80?, 0x14000492c00?})
	/opt/homebrew/Cellar/go/1.23.0/libexec/src/runtime/panic.go:785 +0x124
tradingBitCoin/app/tradingalgo.IchimokuCloud({0x14000495790?, 0x19, 0x14000319868?})
	/Users/yagisawahodaka/Desktop/GoPractice/bitCoinTradeSystem/tradingBitCoin/app/tradingalgo/algo.go:48 +0xd8
tradingBitCoin/app/models.(*DataFrameCandle).AddIchimoku(0x1400014ed20)
	/Users/yagisawahodaka/Desktop/GoPractice/bitCoinTradeSystem/tradingBitCoin/app/models/dfcandle.go:155 +0x138
tradingBitCoin/app/controllers.apiCandleHandler({0x100e3fd18, 0x140001428c0}, 0x1400012ac80)
	/Users/yagisawahodaka/Desktop/GoPractice/bitCoinTradeSystem/tradingBitCoin/app/controllers/webserver.go:132 +0x43c
tradingBitCoin/app/controllers.StartWebServer.apiMakeHandler.func1({0x100e3fd18, 0x140001428c0}, 0x1400012ac80)
	/Users/yagisawahodaka/Desktop/GoPractice/bitCoinTradeSystem/tradingBitCoin/app/controllers/webserver.go:47 +0x88
net/http.HandlerFunc.ServeHTTP(0x1010e1ba0?, {0x100e3fd18?, 0x140001428c0?}, 0x100b4f004?)
	/opt/homebrew/Cellar/go/1.23.0/libexec/src/net/http/server.go:2220 +0x38
net/http.(*ServeMux).ServeHTTP(0x0?, {0x100e3fd18, 0x140001428c0}, 0x1400012ac80)
	/opt/homebrew/Cellar/go/1.23.0/libexec/src/net/http/server.go:2747 +0x1b4
net/http.serverHandler.ServeHTTP({0x14000458a50?}, {0x100e3fd18?, 0x140001428c0?}, 0x6?)
	/opt/homebrew/Cellar/go/1.23.0/libexec/src/net/http/server.go:3210 +0xbc
net/http.(*conn).serve(0x14000132e10, {0x100e404a8, 0x140001a5a40})
	/opt/homebrew/Cellar/go/1.23.0/libexec/src/net/http/server.go:2092 +0x4fc
created by net/http.(*Server).Serve in goroutine 1
	/opt/homebrew/Cellar/go/1.23.0/libexec/src/net/http/server.go:3360 +0x3dc
2024/10/17 12:04:48 server.go:3489: http: panic serving [::1]:53776: runtime error: slice bounds out of range [-9:]
goroutine 72 [running]:
net/http.(*conn).serve.func1()
	/opt/homebrew/Cellar/go/1.23.0/libexec/src/net/http/server.go:1947 +0xb0
panic({0x100e13f80?, 0x140004935d8?})
	/opt/homebrew/Cellar/go/1.23.0/libexec/src/runtime/panic.go:785 +0x124
tradingBitCoin/app/tradingalgo.IchimokuCloud({0x140004d48f0?, 0x19, 0x14000319868?})
	/Users/yagisawahodaka/Desktop/GoPractice/bitCoinTradeSystem/tradingBitCoin/app/tradingalgo/algo.go:48 +0xd8
tradingBitCoin/app/models.(*DataFrameCandle).AddIchimoku(0x1400014ee60)
	/Users/yagisawahodaka/Desktop/GoPractice/bitCoinTradeSystem/tradingBitCoin/app/models/dfcandle.go:155 +0x138
tradingBitCoin/app/controllers.apiCandleHandler({0x100e3fd18, 0x140001429a0}, 0x1400012adc0)
	/Users/yagisawahodaka/Desktop/GoPractice/bitCoinTradeSystem/tradingBitCoin/app/controllers/webserver.go:132 +0x43c
tradingBitCoin/app/controllers.StartWebServer.apiMakeHandler.func1({0x100e3fd18, 0x140001429a0}, 0x1400012adc0)
	/Users/yagisawahodaka/Desktop/GoPractice/bitCoinTradeSystem/tradingBitCoin/app/controllers/webserver.go:47 +0x88
net/http.HandlerFunc.ServeHTTP(0x1010e1ba0?, {0x100e3fd18?, 0x140001429a0?}, 0x100b4f004?)
	/opt/homebrew/Cellar/go/1.23.0/libexec/src/net/http/server.go:2220 +0x38
net/http.(*ServeMux).ServeHTTP(0x0?, {0x100e3fd18, 0x140001429a0}, 0x1400012adc0)
	/opt/homebrew/Cellar/go/1.23.0/libexec/src/net/http/server.go:2747 +0x1b4
net/http.serverHandler.ServeHTTP({0x14000459020?}, {0x100e3fd18?, 0x140001429a0?}, 0x6?)
	/opt/homebrew/Cellar/go/1.23.0/libexec/src/net/http/server.go:3210 +0xbc
net/http.(*conn).serve(0x14000132fc0, {0x100e404a8, 0x140001a5a40})
	/opt/homebrew/Cellar/go/1.23.0/libexec/src/net/http/server.go:2092 +0x4fc
created by net/http.(*Server).Serve in goroutine 1
	/opt/homebrew/Cellar/go/1.23.0/libexec/src/net/http/server.go:3360 +0x3dc
2024/10/17 12:04:58 streamdata.go:16: action=StreamIngestionData, {BTC_USD 2024-10-17T03:04:58.5329841Z 419299 67314.61 67602.07 0.00434784 0.04861195 4.60764226 3.50805519 67517.15 0.38653108 0.38653108}
2024/10/17 15:54:10 bitflyer.go:212: connecting to wss://ws.lightstream.bitflyer.com/json-rpc
2024/10/17 15:55:03 streamdata.go:16: action=StreamIngestionData, {BTC_USD 2024-10-17T06:55:03.3757528Z 420193 67246.04 67579.23 0.00122036 0.0390451 4.6612758 3.3593862 67314.6 0.25096646 0.25096646}
2024/10/17 15:55:13 streamdata.go:16: action=StreamIngestionData, {BTC_USD 2024-10-17T06:55:14.0561869Z 420198 67189.62 67579.23 0.01 0.0390451 4.63 3.33500924 67314.6 0.25096646 0.25096646}
2024/10/17 15:55:34 streamdata.go:16: action=StreamIngestionData, {BTC_USD 2024-10-17T06:55:34.1088336Z 420201 67189.63 67579.23 0.01016502 0.0390451 4.65016502 3.35792055 67314.6 0.25096646 0.25096646}
2024/10/17 15:55:41 streamdata.go:16: action=StreamIngestionData, {BTC_USD 2024-10-17T06:55:41.4057791Z 420202 67199.27 67579.23 0.01 0.0390451 4.66016502 3.35792055 67314.6 0.25096646 0.25096646}
2024/10/17 15:56:00 streamdata.go:16: action=StreamIngestionData, {BTC_USD 2024-10-17T06:56:00.3904886Z 420203 67222.81 67579.23 0.01 0.0390451 4.67016502 3.35792055 67314.6 0.25096646 0.25096646}
2024/10/17 15:56:02 server.go:3489: http: panic serving [::1]:58130: runtime error: index out of range [7] with length 7
goroutine 36 [running]:
net/http.(*conn).serve.func1()
	/opt/homebrew/Cellar/go/1.23.0/libexec/src/net/http/server.go:1947 +0xb0
panic({0x100aec600?, 0x140002557d0?})
	/opt/homebrew/Cellar/go/1.23.0/libexec/src/runtime/panic.go:785 +0x124
github.com/markcheno/go-talib.ema({0x14000134580, 0x7, 0x140000eb7b8?}, 0xc, 0x3fc3b13b13b13b14)
	/Users/yagisawahodaka/go/pkg/mod/github.com/markcheno/go-talib@v0.0.0-20190307022042-cd53a9264d70/talib.go:114 +0x130
github.com/markcheno/go-talib.Macd({0x14000134580, 0x7, 0x7}, 0x1005b3cb8?, 0x30?, 0x9)
	/Users/yagisawahodaka/go/pkg/mod/github.com/markcheno/go-talib@v0.0.0-20190307022042-cd53a9264d70/talib.go:2007 +0xa4
tradingBitCoin/app/models.(*DataFrameCandle).AddMacd(0x14000272000, 0xc, 0x1a, 0x9)
	/Users/yagisawahodaka/Desktop/GoPractice/bitCoinTradeSystem/tradingBitCoin/app/models/dfcandle.go:182 +0xd4
tradingBitCoin/app/controllers.apiCandleHandler({0x100b18408, 0x14000176460}, 0x14000160c80)
	/Users/yagisawahodaka/Desktop/GoPractice/bitCoinTradeSystem/tradingBitCoin/app/controllers/webserver.go:162 +0x5b0
tradingBitCoin/app/controllers.StartWebServer.apiMakeHandler.func1({0x100b18408, 0x14000176460}, 0x14000160c80)
	/Users/yagisawahodaka/Desktop/GoPractice/bitCoinTradeSystem/tradingBitCoin/app/controllers/webserver.go:47 +0x88
net/http.HandlerFunc.ServeHTTP(0x100db9ba0?, {0x100b18408?, 0x14000176460?}, 0x1008257a4?)
	/opt/homebrew/Cellar/go/1.23.0/libexec/src/net/http/server.go:2220 +0x38
net/http.(*ServeMux).ServeHTTP(0x0?, {0x100b18408, 0x14000176460}, 0x14000160c80)
	/opt/homebrew/Cellar/go/1.23.0/libexec/src/net/http/server.go:2747 +0x1b4
net/http.serverHandler.ServeHTTP({0x14000133aa0?}, {0x100b18408?, 0x14000176460?}, 0x6?)
	/opt/homebrew/Cellar/go/1.23.0/libexec/src/net/http/server.go:3210 +0xbc
net/http.(*conn).serve(0x140002a4240, {0x100b18b70, 0x14000133a40})
	/opt/homebrew/Cellar/go/1.23.0/libexec/src/net/http/server.go:2092 +0x4fc
created by net/http.(*Server).Serve in goroutine 1
	/opt/homebrew/Cellar/go/1.23.0/libexec/src/net/http/server.go:3360 +0x3dc
2024/10/17 15:56:02 server.go:3489: http: panic serving [::1]:58140: runtime error: index out of range [7] with length 7
goroutine 12 [running]:
net/http.(*conn).serve.func1()
	/opt/homebrew/Cellar/go/1.23.0/libexec/src/net/http/server.go:1947 +0xb0
panic({0x100aec600?, 0x1400038cca8?})
	/opt/homebrew/Cellar/go/1.23.0/libexec/src/runtime/panic.go:785 +0x124
github.com/markcheno/go-talib.ema({0x14000028640, 0x7, 0x140002097b8?}, 0xc, 0x3fc3b13b13b13b14)
	/Users/yagisawahodaka/go/pkg/mod/github.com/markcheno/go-talib@v0.0.0-20190307022042-cd53a9264d70/talib.go:114 +0x130
github.com/markcheno/go-talib.Macd({0x14000028640, 0x7, 0x7}, 0x1005b3cb8?, 0x30?, 0x9)
	/Users/yagisawahodaka/go/pkg/mod/github.com/markcheno/go-talib@v0.0.0-20190307022042-cd53a9264d70/talib.go:2007 +0xa4
tradingBitCoin/app/models.(*DataFrameCandle).AddMacd(0x140000baaa0, 0xc, 0x1a, 0x9)
	/Users/yagisawahodaka/Desktop/GoPractice/bitCoinTradeSystem/tradingBitCoin/app/models/dfcandle.go:182 +0xd4
tradingBitCoin/app/controllers.apiCandleHandler({0x100b18408, 0x140000b6620}, 0x140000aab40)
	/Users/yagisawahodaka/Desktop/GoPractice/bitCoinTradeSystem/tradingBitCoin/app/controllers/webserver.go:162 +0x5b0
tradingBitCoin/app/controllers.StartWebServer.apiMakeHandler.func1({0x100b18408, 0x140000b6620}, 0x140000aab40)
	/Users/yagisawahodaka/Desktop/GoPractice/bitCoinTradeSystem/tradingBitCoin/app/controllers/webserver.go:47 +0x88
net/http.HandlerFunc.ServeHTTP(0x100db9ba0?, {0x100b18408?, 0x140000b6620?}, 0x1008257a4?)
	/opt/homebrew/Cellar/go/1.23.0/libexec/src/net/http/server.go:2220 +0x38
net/http.(*ServeMux).ServeHTTP(0x0?, {0x100b18408, 0x140000b6620}, 0x140000aab40)
	/opt/homebrew/Cellar/go/1.23.0/libexec/src/net/http/server.go:2747 +0x1b4
net/http.serverHandler.ServeHTTP({0x14000398bd0?}, {0x100b18408?, 0x140000b6620?}, 0x6?)
	/opt/homebrew/Cellar/go/1.23.0/libexec/src/net/http/server.go:3210 +0xbc
net/http.(*conn).serve(0x140000a6b40, {0x100b18b70, 0x14000133a40})
	/opt/homebrew/Cellar/go/1.23.0/libexec/src/net/http/server.go:2092 +0x4fc
created by net/http.(*Server).Serve in goroutine 1
	/opt/homebrew/Cellar/go/1.23.0/libexec/src/net/http/server.go:3360 +0x3dc
2024/10/17 15:56:03 server.go:3489: http: panic serving [::1]:58141: runtime error: index out of range [7] with length 7
goroutine 14 [running]:
net/http.(*conn).serve.func1()
	/opt/homebrew/Cellar/go/1.23.0/libexec/src/net/http/server.go:1947 +0xb0
panic({0x100aec600?, 0x1400038cfc0?})
	/opt/homebrew/Cellar/go/1.23.0/libexec/src/runtime/panic.go:785 +0x124
github.com/markcheno/go-talib.ema({0x14000028840, 0x7, 0x140002097b8?}, 0xc, 0x3fc3b13b13b13b14)
	/Users/yagisawahodaka/go/pkg/mod/github.com/markcheno/go-talib@v0.0.0-20190307022042-cd53a9264d70/talib.go:114 +0x130
github.com/markcheno/go-talib.Macd({0x14000028840, 0x7, 0x7}, 0x1005b3cb8?, 0x30?, 0x9)
	/Users/yagisawahodaka/go/pkg/mod/github.com/markcheno/go-talib@v0.0.0-20190307022042-cd53a9264d70/talib.go:2007 +0xa4
tradingBitCoin/app/models.(*DataFrameCandle).AddMacd(0x140000babe0, 0xc, 0x1a, 0x9)
	/Users/yagisawahodaka/Desktop/GoPractice/bitCoinTradeSystem/tradingBitCoin/app/models/dfcandle.go:182 +0xd4
tradingBitCoin/app/controllers.apiCandleHandler({0x100b18408, 0x140000b6700}, 0x140000aac80)
	/Users/yagisawahodaka/Desktop/GoPractice/bitCoinTradeSystem/tradingBitCoin/app/controllers/webserver.go:162 +0x5b0
tradingBitCoin/app/controllers.StartWebServer.apiMakeHandler.func1({0x100b18408, 0x140000b6700}, 0x140000aac80)
	/Users/yagisawahodaka/Desktop/GoPractice/bitCoinTradeSystem/tradingBitCoin/app/controllers/webserver.go:47 +0x88
net/http.HandlerFunc.ServeHTTP(0x100db9ba0?, {0x100b18408?, 0x140000b6700?}, 0x1008257a4?)
	/opt/homebrew/Cellar/go/1.23.0/libexec/src/net/http/server.go:2220 +0x38
net/http.(*ServeMux).ServeHTTP(0x0?, {0x100b18408, 0x140000b6700}, 0x140000aac80)
	/opt/homebrew/Cellar/go/1.23.0/libexec/src/net/http/server.go:2747 +0x1b4
net/http.serverHandler.ServeHTTP({0x14000399350?}, {0x100b18408?, 0x140000b6700?}, 0x6?)
	/opt/homebrew/Cellar/go/1.23.0/libexec/src/net/http/server.go:3210 +0xbc
net/http.(*conn).serve(0x140000a6cf0, {0x100b18b70, 0x14000133a40})
	/opt/homebrew/Cellar/go/1.23.0/libexec/src/net/http/server.go:2092 +0x4fc
created by net/http.(*Server).Serve in goroutine 1
	/opt/homebrew/Cellar/go/1.23.0/libexec/src/net/http/server.go:3360 +0x3dc
2024/10/17 15:56:05 server.go:3489: http: panic serving [::1]:58142: runtime error: index out of range [7] with length 7
goroutine 16 [running]:
net/http.(*conn).serve.func1()
	/opt/homebrew/Cellar/go/1.23.0/libexec/src/net/http/server.go:1947 +0xb0
panic({0x100aec600?, 0x14000255ae8?})
	/opt/homebrew/Cellar/go/1.23.0/libexec/src/runtime/panic.go:785 +0x124
github.com/markcheno/go-talib.ema({0x14000134740, 0x7, 0x1400020d7b8?}, 0xc, 0x3fc3b13b13b13b14)
	/Users/yagisawahodaka/go/pkg/mod/github.com/markcheno/go-talib@v0.0.0-20190307022042-cd53a9264d70/talib.go:114 +0x130
github.com/markcheno/go-talib.Macd({0x14000134740, 0x7, 0x7}, 0x1005b3cb8?, 0x30?, 0x9)
	/Users/yagisawahodaka/go/pkg/mod/github.com/markcheno/go-talib@v0.0.0-20190307022042-cd53a9264d70/talib.go:2007 +0xa4
tradingBitCoin/app/models.(*DataFrameCandle).AddMacd(0x14000272140, 0xc, 0x1a, 0x9)
	/Users/yagisawahodaka/Desktop/GoPractice/bitCoinTradeSystem/tradingBitCoin/app/models/dfcandle.go:182 +0xd4
tradingBitCoin/app/controllers.apiCandleHandler({0x100b18408, 0x14000176540}, 0x14000160dc0)
	/Users/yagisawahodaka/Desktop/GoPractice/bitCoinTradeSystem/tradingBitCoin/app/controllers/webserver.go:162 +0x5b0
tradingBitCoin/app/controllers.StartWebServer.apiMakeHandler.func1({0x100b18408, 0x14000176540}, 0x14000160dc0)
	/Users/yagisawahodaka/Desktop/GoPractice/bitCoinTradeSystem/tradingBitCoin/app/controllers/webserver.go:47 +0x88
net/http.HandlerFunc.ServeHTTP(0x100db9ba0?, {0x100b18408?, 0x14000176540?}, 0x1008257a4?)
	/opt/homebrew/Cellar/go/1.23.0/libexec/src/net/http/server.go:2220 +0x38
net/http.(*ServeMux).ServeHTTP(0x0?, {0x100b18408, 0x14000176540}, 0x14000160dc0)
	/opt/homebrew/Cellar/go/1.23.0/libexec/src/net/http/server.go:2747 +0x1b4
net/http.serverHandler.ServeHTTP({0x1400024f410?}, {0x100b18408?, 0x14000176540?}, 0x6?)
	/opt/homebrew/Cellar/go/1.23.0/libexec/src/net/http/server.go:3210 +0xbc
net/http.(*conn).serve(0x140000a6ea0, {0x100b18b70, 0x14000133a40})
	/opt/homebrew/Cellar/go/1.23.0/libexec/src/net/http/server.go:2092 +0x4fc
created by net/http.(*Server).Serve in goroutine 1
	/opt/homebrew/Cellar/go/1.23.0/libexec/src/net/http/server.go:3360 +0x3dc
2024/10/17 15:56:05 streamdata.go:16: action=StreamIngestionData, {BTC_USD 2024-10-17T06:56:06.1631714Z 420206 67199.27 67579.23 0.01 0.0390451 4.65 3.34792055 67314.6 0.25096646 0.25096646}
2024/10/17 15:56:16 streamdata.go:16: action=StreamIngestionData, {BTC_USD 2024-10-17T06:56:16.9659929Z 420213 67176.44 67610.28 0.01 0.01 4.63 3.24 67314.6 0.25096646 0.25096646}
2024/10/17 15:56:25 server.go:3489: http: panic serving [::1]:58143: runtime error: index out of range [7] with length 7
goroutine 31 [running]:
net/http.(*conn).serve.func1()
	/opt/homebrew/Cellar/go/1.23.0/libexec/src/net/http/server.go:1947 +0xb0
panic({0x100aec600?, 0x140004382e8?})
	/opt/homebrew/Cellar/go/1.23.0/libexec/src/runtime/panic.go:785 +0x124
github.com/markcheno/go-talib.ema({0x14000134940, 0x7, 0x1400020d7b8?}, 0xc, 0x3fc3b13b13b13b14)
	/Users/yagisawahodaka/go/pkg/mod/github.com/markcheno/go-talib@v0.0.0-20190307022042-cd53a9264d70/talib.go:114 +0x130
github.com/markcheno/go-talib.Macd({0x14000134940, 0x7, 0x7}, 0x1005b3cb8?, 0x30?, 0x9)
	/Users/yagisawahodaka/go/pkg/mod/github.com/markcheno/go-talib@v0.0.0-20190307022042-cd53a9264d70/talib.go:2007 +0xa4
tradingBitCoin/app/models.(*DataFrameCandle).AddMacd(0x14000272640, 0xc, 0x1a, 0x9)
	/Users/yagisawahodaka/Desktop/GoPractice/bitCoinTradeSystem/tradingBitCoin/app/models/dfcandle.go:182 +0xd4
tradingBitCoin/app/controllers.apiCandleHandler({0x100b18408, 0x14000176620}, 0x14000161180)
	/Users/yagisawahodaka/Desktop/GoPractice/bitCoinTradeSystem/tradingBitCoin/app/controllers/webserver.go:162 +0x5b0
tradingBitCoin/app/controllers.StartWebServer.apiMakeHandler.func1({0x100b18408, 0x14000176620}, 0x14000161180)
	/Users/yagisawahodaka/Desktop/GoPractice/bitCoinTradeSystem/tradingBitCoin/app/controllers/webserver.go:47 +0x88
net/http.HandlerFunc.ServeHTTP(0x100db9ba0?, {0x100b18408?, 0x14000176620?}, 0x1008257a4?)
	/opt/homebrew/Cellar/go/1.23.0/libexec/src/net/http/server.go:2220 +0x38
net/http.(*ServeMux).ServeHTTP(0x0?, {0x100b18408, 0x14000176620}, 0x14000161180)
	/opt/homebrew/Cellar/go/1.23.0/libexec/src/net/http/server.go:2747 +0x1b4
net/http.serverHandler.ServeHTTP({0x14000434210?}, {0x100b18408?, 0x14000176620?}, 0x6?)
	/opt/homebrew/Cellar/go/1.23.0/libexec/src/net/http/server.go:3210 +0xbc
net/http.(*conn).serve(0x140002025a0, {0x100b18b70, 0x14000133a40})
	/opt/homebrew/Cellar/go/1.23.0/libexec/src/net/http/server.go:2092 +0x4fc
created by net/http.(*Server).Serve in goroutine 1
	/opt/homebrew/Cellar/go/1.23.0/libexec/src/net/http/server.go:3360 +0x3dc
2024/10/17 16:59:21 bitflyer.go:212: connecting to wss://ws.lightstream.bitflyer.com/json-rpc
2024/10/17 17:04:43 bitflyer.go:212: connecting to wss://ws.lightstream.bitflyer.com/json-rpc
2024/10/17 17:04:44 webserver.go:191: 0 7 14
2024/10/17 17:04:47 webserver.go:191: 0 7 14
2024/10/17 17:14:55 bitflyer.go:212: connecting to wss://ws.lightstream.bitflyer.com/json-rpc
2024/10/17 17:14:56 webserver.go:192: 0 14 30 70
2024/10/17 17:15:00 streamdata.go:16: action=StreamIngestionData, {BTC_USD 2024-10-17T08:15:00.7211666Z 420643 67112.67 67301.51 0.02445273 0.049437 4.98445273 3.53357041 67271.11 0.24096646 0.24096646}
2024/10/17 17:15:08 streamdata.go:16: action=StreamIngestionData, {BTC_USD 2024-10-17T08:15:08.8077527Z 420644 67112.67 67301.51 0.02445273 0.049437 4.99445273 3.53357041 67271.11 0.24096646 0.24096646}
2024/10/17 17:15:48 streamdata.go:16: action=StreamIngestionData, {BTC_USD 2024-10-17T08:15:48.2908953Z 420645 67112.67 67301.51 0.02445273 0.049437 4.98445273 3.53357041 67271.11 0.24096646 0.24096646}
2024/10/17 17:15:54 webserver.go:192: 0 14 30 70
2024/10/17 17:16:05 streamdata.go:16: action=StreamIngestionData, {BTC_USD 2024-10-17T08:16:05.3199487Z 420648 67112.66 67301.51 0.01 0.049437 4.98 3.53357041 67271.11 0.24096646 0.24096646}
2024/10/17 17:16:38 streamdata.go:16: action=StreamIngestionData, {BTC_USD 2024-10-17T08:16:39.0828931Z 420650 67112.67 67301.51 0.02028019 0.049437 4.98028019 3.53357041 67271.11 0.23096646 0.23096646}
2024/10/17 17:17:07 streamdata.go:16: action=StreamIngestionData, {BTC_USD 2024-10-17T08:17:07.4258282Z 420652 67112.67 67301.51 0.02534878 0.049437 4.99534878 3.53357041 67271.11 0.23096646 0.23096646}
2024/10/17 17:17:26 streamdata.go:16: action=StreamIngestionData, {BTC_USD 2024-10-17T08:17:26.0730298Z 420654 67112.67 67301.51 0.00506859 0.049437 4.97506859 3.52357041 67271.11 0.23096646 0.23096646}
2024/10/17 17:17:46 streamdata.go:16: action=StreamIngestionData, {BTC_USD 2024-10-17T08:17:46.6482108Z 420658 67112.67 67339.11 0.00506859 0.01 4.97506859 3.46354794 67271.11 0.23096646 0.23096646}
2024/10/17 17:18:14 streamdata.go:16: action=StreamIngestionData, {BTC_USD 2024-10-17T08:18:14.5974831Z 420661 67112.67 67339.1 0.02534878 0.02140343 4.99534878 3.48495137 67271.11 0.23096646 0.23096646}
2024/10/17 17:19:20 streamdata.go:16: action=StreamIngestionData, {BTC_USD 2024-10-17T08:19:20.1971592Z 420662 67112.67 67303.74 0.02534878 0.01 4.99534878 3.49495137 67271.11 0.23096646 0.23096646}
2024/10/17 17:21:01 streamdata.go:16: action=StreamIngestionData, {BTC_USD 2024-10-17T08:21:01.7496689Z 420665 67112.66 67303.74 0.01 0.01 4.97 2.79495137 67271.11 0.23096646 0.23096646}
2024/10/17 17:21:31 streamdata.go:16: action=StreamIngestionData, {BTC_USD 2024-10-17T08:21:31.8010479Z 420668 67112.67 67303.73 0.02363124 0.02259233 4.99363124 2.8075437 67271.11 0.23096646 0.23096646}
2024/10/17 17:21:51 streamdata.go:16: action=StreamIngestionData, {BTC_USD 2024-10-17T08:21:51.6500497Z 420670 67112.67 67339.1 0.02363124 0.02140343 4.99363124 3.48495137 67271.11 0.23096646 0.23096646}
2024/10/17 17:22:47 streamdata.go:16: action=StreamIngestionData, {BTC_USD 2024-10-17T08:22:47.4170661Z 420673 67112.67 67301.48 0.02534878 0.01 4.99534878 3.52083828 67271.11 0.23096646 0.23096646}
2024/10/17 17:23:14 streamdata.go:16: action=StreamIngestionData, {BTC_USD 2024-10-17T08:23:14.6055382Z 420676 67112.66 67301.48 0.01 0.01 4.97 3.52083828 67271.11 0.23096646 0.23096646}
2024/10/17 17:23:59 streamdata.go:16: action=StreamIngestionData, {BTC_USD 2024-10-17T08:23:59.8574961Z 420677 67112.66 67301.48 0.01 0.01 4.96 3.52083828 67271.11 0.23096646 0.23096646}
2024/10/17 17:24:12 streamdata.go:16: action=StreamIngestionData, {BTC_USD 2024-10-17T08:24:13.1076525Z 420680 67112.67 67301.47 0.02457274 0.02371152 4.99457274 3.5445498 67271.11 0.23096646 0.23096646}
2024/10/17 17:24:39 streamdata.go:16: action=StreamIngestionData, {BTC_USD 2024-10-17T08:24:40.1108139Z 420682 67112.67 67301.47 0.02457274 0.02371152 4.98457274 3.52314637 67271.11 0.23096646 0.23096646}
2024/10/17 17:25:04 streamdata.go:16: action=StreamIngestionData, {BTC_USD 2024-10-17T08:25:04.6928036Z 420684 67112.67 67301.47 0.02457274 0.02371152 5.00457274 3.49959843 67271.11 0.23096646 0.23096646}
2024/10/17 17:25:29 streamdata.go:16: action=StreamIngestionData, {BTC_USD 2024-10-17T08:25:29.3310197Z 420686 67112.67 67301.47 0.02457274 0.04833446 4.98457274 3.52422137 67271.11 0.23096646 0.23096646}
2024/10/17 17:25:56 streamdata.go:16: action=StreamIngestionData, {BTC_USD 2024-10-17T08:25:57.0361524Z 420687 67112.67 67301.47 0.02457274 0.04833446 4.99457274 3.52422137 67271.11 0.23096646 0.23096646}
2024/10/17 17:28:14 streamdata.go:16: action=StreamIngestionData, {BTC_USD 2024-10-17T08:28:14.6084489Z 420689 67112.67 67301.47 0.02457274 0.02462294 4.99457274 3.50050985 67271.11 0.22096646 0.22096646}
2024/10/17 17:29:07 streamdata.go:16: action=StreamIngestionData, {BTC_USD 2024-10-17T08:29:07.3851907Z 420690 67112.67 67301.47 0.02457274 0.02462294 4.99457274 3.49050985 67271.11 0.22096646 0.22096646}
2024/10/17 17:29:53 streamdata.go:16: action=StreamIngestionData, {BTC_USD 2024-10-17T08:29:53.6093287Z 420693 67112.67 67301.46 0.02457274 0.02327307 4.99457274 3.51378292 67271.11 0.22096646 0.22096646}
2024/10/17 17:30:07 streamdata.go:16: action=StreamIngestionData, {BTC_USD 2024-10-17T08:30:07.6127881Z 420695 67112.67 67301.46 0.02457274 0.04758481 4.46457274 3.53809466 67271.11 0.22096646 0.22096646}
2024/10/17 17:30:31 streamdata.go:16: action=StreamIngestionData, {BTC_USD 2024-10-17T08:30:31.6055248Z 420696 67112.67 67301.46 0.02457274 0.04758481 4.45457274 3.53809466 67271.11 0.22096646 0.22096646}
2024/10/17 17:30:57 streamdata.go:16: action=StreamIngestionData, {BTC_USD 2024-10-17T08:30:58.0199422Z 420697 67112.67 67301.46 0.02457274 0.04758481 4.46457274 3.53809466 67271.11 0.22096646 0.22096646}
2024/10/17 17:31:28 streamdata.go:16: action=StreamIngestionData, {BTC_USD 2024-10-17T08:31:28.6380484Z 420698 67112.67 67301.46 0.02457274 0.04758481 4.80457274 3.53809466 67271.11 0.22096646 0.22096646}
2024/10/17 17:31:29 streamdata.go:16: action=StreamIngestionData, {BTC_USD 2024-10-17T08:31:29.8470533Z 420699 67112.67 67301.46 0.02457274 0.04758481 4.77457274 3.53809466 67271.11 0.22096646 0.22096646}
2024/10/17 17:32:14 streamdata.go:16: action=StreamIngestionData, {BTC_USD 2024-10-17T08:32:14.3223493Z 420701 67112.67 67301.46 0.02457274 0.04758481 4.80457274 3.53809466 67271.11 0.22096646 0.22096646}
2024/10/17 17:32:24 streamdata.go:16: action=StreamIngestionData, {BTC_USD 2024-10-17T08:32:25.1343881Z 420703 67112.67 67301.46 0.02457274 0.04758481 4.80457274 3.52220775 67271.11 0.22096646 0.22096646}
2024/10/17 17:32:26 streamdata.go:16: action=StreamIngestionData, {BTC_USD 2024-10-17T08:32:26.2752092Z 420708 67112.67 67301.46 0.02457274 0.04758481 4.84457274 3.50220775 67271.11 0.22096646 0.22096646}
2024/10/17 17:33:14 streamdata.go:16: action=StreamIngestionData, {BTC_USD 2024-10-17T08:33:14.6105284Z 420709 67112.67 67301.46 0.02457274 0.04758481 4.84457274 3.50220775 67271.11 0.22096646 0.22096646}
2024/10/17 17:33:31 streamdata.go:16: action=StreamIngestionData, {BTC_USD 2024-10-17T08:33:31.4448559Z 420710 67112.67 67301.46 0.02457274 0.04758481 4.84457274 3.51220775 67271.11 0.22096646 0.22096646}
2024/10/17 17:34:19 streamdata.go:16: action=StreamIngestionData, {BTC_USD 2024-10-17T08:34:19.7164305Z 420711 67112.67 67301.46 0.02457274 0.04758481 4.84457274 3.52220775 67271.11 0.22096646 0.22096646}
2024/10/17 17:35:27 streamdata.go:16: action=StreamIngestionData, {BTC_USD 2024-10-17T08:35:28.1635047Z 420712 67112.67 67301.46 0.02457274 0.04758481 4.19457274 3.52220775 67271.11 0.22096646 0.22096646}
2024/10/17 17:36:10 streamdata.go:16: action=StreamIngestionData, {BTC_USD 2024-10-17T08:36:10.0612304Z 420714 67112.67 67301.46 0.02457274 0.04758481 5.10457274 3.49758481 67271.11 0.22096646 0.22096646}
2024/10/17 17:36:45 streamdata.go:16: action=StreamIngestionData, {BTC_USD 2024-10-17T08:36:45.348226Z 420717 67112.67 67371.88 0.02457274 0.01 5.09457274 3.45 67271.11 0.22096646 0.22096646}
2024/10/17 17:37:19 streamdata.go:16: action=StreamIngestionData, {BTC_USD 2024-10-17T08:37:19.8966254Z 420719 67112.67 67371.87 0.02457274 0.02333932 5.10457274 3.47333932 67271.11 0.22096646 0.22096646}
2024/10/17 17:38:14 streamdata.go:16: action=StreamIngestionData, {BTC_USD 2024-10-17T08:38:14.6154487Z 420721 67112.67 67371.87 0.02457274 0.04547579 5.10457274 3.49547579 67271.11 0.22096646 0.22096646}
2024/10/17 17:38:28 streamdata.go:16: action=StreamIngestionData, {BTC_USD 2024-10-17T08:38:28.5054223Z 420722 67112.67 67371.87 0.02457274 0.04547579 5.10457274 3.48547579 67271.11 0.22096646 0.22096646}
2024/10/17 17:38:46 streamdata.go:16: action=StreamIngestionData, {BTC_USD 2024-10-17T08:38:46.5334775Z 420725 67112.67 67379.27 0.02457274 0.01 5.10457274 3.45 67271.11 0.22096646 0.22096646}
2024/10/17 17:39:09 streamdata.go:16: action=StreamIngestionData, {BTC_USD 2024-10-17T08:39:09.2906414Z 420728 67112.67 67379.26 0.02457274 0.02478227 5.10457274 3.45478227 67271.11 0.22096646 0.22096646}
2024/10/17 17:39:29 streamdata.go:16: action=StreamIngestionData, {BTC_USD 2024-10-17T08:39:29.9841212Z 420730 67112.67 67432.74 0.02457274 0.01 5.10457274 3.44 67271.11 0.22096646 0.22096646}
2024/10/17 18:24:28 bitflyer.go:212: connecting to wss://ws.lightstream.bitflyer.com/json-rpc
2024/10/17 18:24:39 streamdata.go:19: action=StreamIngestionData, {BTC_USD 2024-10-17T09:24:39.2780912Z 420914 67166.62 67547.73 0.01 0.01 5.06 3.11 67271.11 0.20096646 0.20096646}
2024/10/17 18:24:55 streamdata.go:19: action=StreamIngestionData, {BTC_USD 2024-10-17T09:24:55.7967787Z 420915 67199.69 67547.73 0.01 0.01 5.07 3.11 67271.11 0.20096646 0.20096646}
